[2026-01-27T10:31:24.066Z] POST /api/companies/[id]/documents hit
[2026-01-27T10:31:24.067Z] ID received: 19
[2026-01-27T10:31:24.070Z] Files count: 1
[2026-01-27T10:31:24.071Z] Upload Dir: /Users/amit/Documents/ECS NEW/public/uploads/19
[2026-01-27T10:31:24.076Z] Directory ensuring complete
[2026-01-27T10:31:24.076Z] Processing file: OD Closure Request .pdf
[2026-01-27T10:31:24.078Z] File written: /Users/amit/Documents/ECS NEW/public/uploads/19/1769509884077_od_closure_request_.pdf
[2026-01-27T10:31:24.078Z] Error: Cannot read properties of undefined (reading 'create')
[2026-01-27T10:31:24.078Z] Stack: TypeError: Cannot read properties of undefined (reading 'create')
    at POST (/Users/amit/Documents/ECS NEW/.next/dev/server/chunks/[root-of-the-server]__9e2a935d._.js:411:169)
    at async AppRouteRouteModule.do (/Users/amit/Documents/ECS NEW/node_modules/next/dist/compiled/next-server/app-route-turbo.runtime.dev.js:5:37866)
    at async AppRouteRouteModule.handle (/Users/amit/Documents/ECS NEW/node_modules/next/dist/compiled/next-server/app-route-turbo.runtime.dev.js:5:45156)
    at async responseGenerator (/Users/amit/Documents/ECS NEW/.next/dev/server/chunks/[root-of-the-server]__e8ff7e63._.js:15983:38)
    at async AppRouteRouteModule.handleResponse (/Users/amit/Documents/ECS NEW/node_modules/next/dist/compiled/next-server/app-route-turbo.runtime.dev.js:1:187713)
    at async handleResponse (/Users/amit/Documents/ECS NEW/.next/dev/server/chunks/[root-of-the-server]__e8ff7e63._.js:16046:32)
    at async Module.handler (/Users/amit/Documents/ECS NEW/.next/dev/server/chunks/[root-of-the-server]__e8ff7e63._.js:16099:13)
    at async DevServer.renderToResponseWithComponentsImpl (/Users/amit/Documents/ECS NEW/node_modules/next/dist/server/base-server.js:1422:9)
    at async DevServer.renderPageComponent (/Users/amit/Documents/ECS NEW/node_modules/next/dist/server/base-server.js:1474:24)
    at async DevServer.renderToResponseImpl (/Users/amit/Documents/ECS NEW/node_modules/next/dist/server/base-server.js:1524:32)
    at async DevServer.pipeImpl (/Users/amit/Documents/ECS NEW/node_modules/next/dist/server/base-server.js:1018:25)
    at async NextNodeServer.handleCatchallRenderRequest (/Users/amit/Documents/ECS NEW/node_modules/next/dist/server/next-server.js:395:17)
    at async DevServer.handleRequestImpl (/Users/amit/Documents/ECS NEW/node_modules/next/dist/server/base-server.js:909:17)
    at async /Users/amit/Documents/ECS NEW/node_modules/next/dist/server/dev/next-dev-server.js:387:20
    at async Span.traceAsyncFn (/Users/amit/Documents/ECS NEW/node_modules/next/dist/trace/trace.js:157:20)
    at async DevServer.handleRequest (/Users/amit/Documents/ECS NEW/node_modules/next/dist/server/dev/next-dev-server.js:383:24)
    at async invokeRender (/Users/amit/Documents/ECS NEW/node_modules/next/dist/server/lib/router-server.js:248:21)
    at async handleRequest (/Users/amit/Documents/ECS NEW/node_modules/next/dist/server/lib/router-server.js:447:24)
    at async requestHandlerImpl (/Users/amit/Documents/ECS NEW/node_modules/next/dist/server/lib/router-server.js:496:13)
    at async Server.requestListener (/Users/amit/Documents/ECS NEW/node_modules/next/dist/server/lib/start-server.js:226:13)
[2026-01-27T10:32:03.265Z] POST /api/companies/[id]/documents hit
[2026-01-27T10:32:03.267Z] ID received: 19
[2026-01-27T10:32:03.272Z] Files count: 1
[2026-01-27T10:32:03.272Z] Upload Dir: /Users/amit/Documents/ECS NEW/public/uploads/19
[2026-01-27T10:32:03.273Z] Directory ensuring complete
[2026-01-27T10:32:03.273Z] Processing file: Ground Floor Kitchen.pdf
[2026-01-27T10:32:03.275Z] File written: /Users/amit/Documents/ECS NEW/public/uploads/19/1769509923274_ground_floor_kitchen.pdf
[2026-01-27T10:32:03.286Z] Upload successful
[2026-01-27T10:32:14.733Z] POST /api/companies/[id]/documents hit
[2026-01-27T10:32:14.735Z] ID received: 19
[2026-01-27T10:32:14.737Z] Files count: 1
[2026-01-27T10:32:14.738Z] Upload Dir: /Users/amit/Documents/ECS NEW/public/uploads/19
[2026-01-27T10:32:14.739Z] Directory ensuring complete
[2026-01-27T10:32:14.739Z] Processing file: BEE PACKAGE CF  16-01-2026-II.pdf
[2026-01-27T10:32:14.740Z] File written: /Users/amit/Documents/ECS NEW/public/uploads/19/1769509934740_bee_package_cf__16_01_2026_ii.pdf
[2026-01-27T10:32:14.743Z] Upload successful
[2026-01-28T08:29:53.347Z] POST /api/companies/[id]/documents hit
[2026-01-28T08:29:53.348Z] ID received: 2
[2026-01-28T08:29:53.355Z] Files count: 1
[2026-01-28T08:29:53.356Z] Upload Dir: /Users/amit/Documents/ECS NEW/public/uploads/2
[2026-01-28T08:29:53.357Z] Directory ensuring complete
[2026-01-28T08:29:53.357Z] Processing file: IMG_7218.HEIC
[2026-01-28T08:29:53.360Z] File written: /Users/amit/Documents/ECS NEW/public/uploads/2/1769588993358_img_7218.heic
[2026-01-28T08:29:53.366Z] Upload successful
[2026-01-28T08:30:11.337Z] POST /api/companies/[id]/documents hit
[2026-01-28T08:30:11.338Z] ID received: 2
[2026-01-28T08:30:11.366Z] Files count: 1
[2026-01-28T08:30:11.368Z] Upload Dir: /Users/amit/Documents/ECS NEW/public/uploads/2
[2026-01-28T08:30:11.370Z] Directory ensuring complete
[2026-01-28T08:30:11.372Z] Processing file: Final_Brochure.pdf
[2026-01-28T08:30:11.386Z] File written: /Users/amit/Documents/ECS NEW/public/uploads/2/1769589011377_final_brochure.pdf
[2026-01-28T08:30:11.411Z] Upload successful
[2026-01-28T08:35:25.141Z] POST /api/companies/[id]/documents hit
[2026-01-28T08:35:25.144Z] ID received: 3
[2026-01-28T08:35:25.147Z] Files count: 1
[2026-01-28T08:35:25.148Z] Upload Dir: /Users/amit/Documents/ECS NEW/public/uploads/3
[2026-01-28T08:35:25.149Z] Directory ensuring complete
[2026-01-28T08:35:25.149Z] Processing file: 1 (8) Background Removed.png
[2026-01-28T08:35:25.151Z] File written: /Users/amit/Documents/ECS NEW/public/uploads/3/1769589325150_1__8__background_removed.png
[2026-01-28T08:35:25.154Z] Upload successful
[2026-01-28T08:35:50.355Z] POST /api/companies/[id]/documents hit
[2026-01-28T08:35:50.356Z] ID received: 3
[2026-01-28T08:35:50.363Z] Files count: 1
[2026-01-28T08:35:50.364Z] Upload Dir: /Users/amit/Documents/ECS NEW/public/uploads/3
[2026-01-28T08:35:50.365Z] Directory ensuring complete
[2026-01-28T08:35:50.365Z] Processing file: IMG_7219.HEIC
[2026-01-28T08:35:50.369Z] File written: /Users/amit/Documents/ECS NEW/public/uploads/3/1769589350367_img_7219.heic
[2026-01-28T08:35:50.372Z] Upload successful
[2026-01-28T08:36:24.268Z] POST /api/companies/[id]/documents hit
[2026-01-28T08:36:24.269Z] ID received: 2
[2026-01-28T08:36:24.277Z] Files count: 1
[2026-01-28T08:36:24.278Z] Upload Dir: /Users/amit/Documents/ECS NEW/public/uploads/2
[2026-01-28T08:36:24.278Z] Directory ensuring complete
[2026-01-28T08:36:24.279Z] Processing file: 1769588993358_img_7218.heic
[2026-01-28T08:36:24.282Z] File written: /Users/amit/Documents/ECS NEW/public/uploads/2/1769589384280_1769588993358_img_7218.heic
[2026-01-28T08:36:24.300Z] Upload successful
[2026-01-28T08:37:10.356Z] POST /api/companies/[id]/documents hit
[2026-01-28T08:37:10.358Z] ID received: 2
[2026-01-28T08:37:10.366Z] Files count: 1
[2026-01-28T08:37:10.367Z] Upload Dir: /Users/amit/Documents/ECS NEW/public/uploads/2
[2026-01-28T08:37:10.368Z] Directory ensuring complete
[2026-01-28T08:37:10.368Z] Processing file: IMG_7220.HEIC
[2026-01-28T08:37:10.371Z] File written: /Users/amit/Documents/ECS NEW/public/uploads/2/1769589430370_img_7220.heic
[2026-01-28T08:37:10.414Z] Upload successful
[2026-01-28T09:06:53.769Z] POST /api/companies/[id]/documents hit
[2026-01-28T09:06:53.772Z] ID received: 5
[2026-01-28T09:06:53.779Z] Files count: 1
[2026-01-28T09:06:53.780Z] Upload Dir: /Users/amit/Documents/ECS NEW/public/uploads/5
[2026-01-28T09:06:53.781Z] Directory ensuring complete
[2026-01-28T09:06:53.781Z] Processing file: IMG_7221.HEIC
[2026-01-28T09:06:53.785Z] File written: /Users/amit/Documents/ECS NEW/public/uploads/5/1769591213783_img_7221.heic
[2026-01-28T09:06:53.895Z] Upload successful
[2026-01-28T10:32:57.452Z] POST /api/companies/[id]/documents hit
[2026-01-28T10:32:57.454Z] ID received: 2
[2026-01-28T10:32:57.458Z] Files count: 1
[2026-01-28T10:32:57.458Z] Upload Dir: /Users/amit/Documents/ECS NEW/public/uploads/2
[2026-01-28T10:32:57.459Z] Directory ensuring complete
[2026-01-28T10:32:57.459Z] Processing file: 555_1979_reff2020.pdf
[2026-01-28T10:32:57.460Z] File written: /Users/amit/Documents/ECS NEW/public/uploads/2/1769596377460_555_1979_reff2020.pdf
[2026-01-28T10:32:57.546Z] Upload successful
[2026-01-28T10:33:48.907Z] POST /api/companies/[id]/documents hit
[2026-01-28T10:33:48.909Z] ID received: 2
[2026-01-28T10:33:48.912Z] Files count: 1
[2026-01-28T10:33:48.913Z] Upload Dir: /Users/amit/Documents/ECS NEW/public/uploads/2
[2026-01-28T10:33:48.913Z] Directory ensuring complete
[2026-01-28T10:33:48.914Z] Processing file: BEE PACKAGE CF  16-01-2026-II.pdf
[2026-01-28T10:33:48.915Z] File written: /Users/amit/Documents/ECS NEW/public/uploads/2/1769596428914_bee_package_cf__16_01_2026_ii.pdf
[2026-01-28T10:33:49.240Z] Upload successful
[2026-01-28T10:39:12.681Z] POST /api/companies/[id]/documents hit
[2026-01-28T10:39:12.683Z] ID received: 4
[2026-01-28T10:39:12.704Z] Files count: 1
[2026-01-28T10:39:12.705Z] Upload Dir: /Users/amit/Documents/ECS NEW/public/uploads/4
[2026-01-28T10:39:12.706Z] Directory ensuring complete
[2026-01-28T10:39:12.706Z] Processing file: 1769589430370_img_7220.heic
[2026-01-28T10:39:12.713Z] File written: /Users/amit/Documents/ECS NEW/public/uploads/4/1769596752708_1769589430370_img_7220.heic
[2026-01-28T10:39:12.739Z] Upload successful
[2026-01-28T10:39:16.636Z] POST /api/companies/[id]/documents hit
[2026-01-28T10:39:16.637Z] ID received: 4
[2026-01-28T10:39:16.638Z] Files count: 1
[2026-01-28T10:39:16.639Z] Upload Dir: /Users/amit/Documents/ECS NEW/public/uploads/4
[2026-01-28T10:39:16.639Z] Directory ensuring complete
[2026-01-28T10:39:16.640Z] Processing file: BEE PACKAGE CF  17-01-2026-II.pdf
[2026-01-28T10:39:16.641Z] File written: /Users/amit/Documents/ECS NEW/public/uploads/4/1769596756640_bee_package_cf__17_01_2026_ii.pdf
[2026-01-28T10:39:16.645Z] Upload successful
[2026-01-28T10:39:22.550Z] POST /api/companies/[id]/documents hit
[2026-01-28T10:39:22.550Z] ID received: 4
[2026-01-28T10:39:22.553Z] Files count: 1
[2026-01-28T10:39:22.555Z] Upload Dir: /Users/amit/Documents/ECS NEW/public/uploads/4
[2026-01-28T10:39:22.555Z] Directory ensuring complete
[2026-01-28T10:39:22.556Z] Processing file: 2nd Floor Living Area.pdf
[2026-01-28T10:39:22.562Z] File written: /Users/amit/Documents/ECS NEW/public/uploads/4/1769596762560_2nd_floor_living_area.pdf
[2026-01-28T10:39:22.565Z] Upload successful
[2026-01-28T19:14:21.811Z] POST /api/companies/[id]/documents hit
[2026-01-28T19:14:21.813Z] ID received: 1
[2026-01-28T19:14:21.830Z] Files count: 1
[2026-01-28T19:14:21.831Z] Upload Dir: /var/www/ecs_ledger_jan26/public/uploads/1
[2026-01-28T19:14:21.832Z] Directory ensuring complete
[2026-01-28T19:14:21.832Z] Processing file: IMG_7236.png
[2026-01-28T19:14:21.844Z] File written: /var/www/ecs_ledger_jan26/public/uploads/1/1769627661841_img_7236.png
[2026-01-28T19:14:21.857Z] Upload successful
[2026-01-28T19:14:55.137Z] POST /api/companies/[id]/documents hit
[2026-01-28T19:14:55.137Z] ID received: 1
[2026-01-28T19:14:55.139Z] Files count: 1
[2026-01-28T19:14:55.139Z] Upload Dir: /var/www/ecs_ledger_jan26/public/uploads/1
[2026-01-28T19:14:55.139Z] Directory ensuring complete
[2026-01-28T19:14:55.140Z] Processing file: IMG_7233.png
[2026-01-28T19:14:55.141Z] File written: /var/www/ecs_ledger_jan26/public/uploads/1/1769627695140_img_7233.png
[2026-01-28T19:14:55.156Z] Upload successful
[2026-01-28T19:15:31.095Z] POST /api/companies/[id]/documents hit
[2026-01-28T19:15:31.095Z] ID received: 1
[2026-01-28T19:15:31.097Z] Files count: 1
[2026-01-28T19:15:31.097Z] Upload Dir: /var/www/ecs_ledger_jan26/public/uploads/1
[2026-01-28T19:15:31.097Z] Directory ensuring complete
[2026-01-28T19:15:31.097Z] Processing file: image.jpg
[2026-01-28T19:15:31.098Z] File written: /var/www/ecs_ledger_jan26/public/uploads/1/1769627731098_image.jpg
[2026-01-28T19:15:31.105Z] Upload successful
[2026-01-28T19:19:53.864Z] POST /api/companies/[id]/documents hit
[2026-01-28T19:19:53.865Z] ID received: 1
[2026-01-28T19:19:53.926Z] Files count: 1
[2026-01-28T19:19:53.927Z] Upload Dir: /var/www/ecs_ledger_jan26/public/uploads/1
[2026-01-28T19:19:53.927Z] Directory ensuring complete
[2026-01-28T19:19:53.927Z] Processing file: IMG_7222.jpeg
[2026-01-28T19:19:53.970Z] File written: /var/www/ecs_ledger_jan26/public/uploads/1/1769627993962_img_7222.jpeg
[2026-01-28T19:19:54.003Z] Upload successful
[2026-01-28T19:23:06.467Z] POST /api/companies/[id]/documents hit
[2026-01-28T19:23:06.468Z] ID received: 2
[2026-01-28T19:23:06.469Z] Files count: 1
[2026-01-28T19:23:06.470Z] Upload Dir: /var/www/ecs_ledger_jan26/public/uploads/2
[2026-01-28T19:23:06.470Z] Directory ensuring complete
[2026-01-28T19:23:06.471Z] Processing file: Bamum.js
[2026-01-28T19:23:06.472Z] File written: /var/www/ecs_ledger_jan26/public/uploads/2/1769628186471_bamum.js
[2026-01-28T19:23:06.479Z] Upload successful
[2026-01-28T19:55:52.310Z] POST /api/companies/[id]/documents hit
[2026-01-28T19:55:52.320Z] ID received: 2
[2026-01-28T19:55:52.336Z] Files count: 1
[2026-01-28T19:55:52.337Z] Upload Dir: /var/www/ecs_ledger_jan26/public/uploads/2
[2026-01-28T19:55:52.340Z] Directory ensuring complete
[2026-01-28T19:55:52.342Z] Processing file: IMG_7222.jpeg
[2026-01-28T19:55:52.358Z] File written: /var/www/ecs_ledger_jan26/public/uploads/2/1769630152353_img_7222.jpeg
[2026-01-28T19:55:52.368Z] Upload successful
[2026-01-28T19:56:55.497Z] POST /api/companies/[id]/documents hit
[2026-01-28T19:56:55.516Z] ID received: 1
[2026-01-28T19:56:55.798Z] Files count: 1
[2026-01-28T19:56:55.818Z] Upload Dir: /var/www/ecs_ledger_jan26/public/uploads/1
[2026-01-28T19:56:55.819Z] Directory ensuring complete
[2026-01-28T19:56:55.819Z] Processing file: 32 Onetail.pdf
[2026-01-28T19:56:55.980Z] File written: /var/www/ecs_ledger_jan26/public/uploads/1/1769630215823_32_onetail.pdf
[2026-01-28T19:56:55.986Z] Upload successful
[2026-01-29T07:34:56.992Z] POST /api/companies/[id]/documents hit
[2026-01-29T07:34:57.034Z] ID received: 6
[2026-01-29T07:34:57.330Z] Files count: 1
[2026-01-29T07:34:57.345Z] Upload Dir: /var/www/ecs_ledger_jan26/public/uploads/6
[2026-01-29T07:34:57.356Z] Directory ensuring complete
[2026-01-29T07:34:57.356Z] Processing file: image.jpg
[2026-01-29T07:34:57.492Z] File written: /var/www/ecs_ledger_jan26/public/uploads/6/1769672097426_image.jpg
[2026-01-29T07:34:57.502Z] Upload successful
[2026-01-29T07:44:44.771Z] POST /api/companies/[id]/documents hit
[2026-01-29T07:44:44.788Z] ID received: 18
[2026-01-29T07:44:44.838Z] Files count: 1
[2026-01-29T07:44:44.853Z] Upload Dir: /var/www/ecs_ledger_jan26/public/uploads/18
[2026-01-29T07:44:44.866Z] Directory ensuring complete
[2026-01-29T07:44:44.867Z] Processing file: image.jpg
[2026-01-29T07:44:44.925Z] File written: /var/www/ecs_ledger_jan26/public/uploads/18/1769672684869_image.jpg
[2026-01-29T07:44:44.933Z] Upload successful
[2026-01-29T08:01:35.369Z] POST /api/companies/[id]/documents hit
[2026-01-29T08:01:35.370Z] ID received: 20
[2026-01-29T08:01:35.374Z] Files count: 1
[2026-01-29T08:01:35.375Z] Upload Dir: /var/www/ecs_ledger_jan26/public/uploads/20
[2026-01-29T08:01:35.375Z] Directory ensuring complete
[2026-01-29T08:01:35.375Z] Processing file: image.jpg
[2026-01-29T08:01:35.382Z] File written: /var/www/ecs_ledger_jan26/public/uploads/20/1769673695376_image.jpg
[2026-01-29T08:01:35.420Z] Upload successful
[2026-01-29T08:09:05.860Z] POST /api/companies/[id]/documents hit
[2026-01-29T08:09:05.862Z] ID received: 6
[2026-01-29T08:09:05.882Z] Files count: 1
[2026-01-29T08:09:05.882Z] Upload Dir: /var/www/ecs_ledger_jan26/public/uploads/6
[2026-01-29T08:09:05.883Z] Directory ensuring complete
[2026-01-29T08:09:05.883Z] Processing file: image.jpg
[2026-01-29T08:09:05.903Z] File written: /var/www/ecs_ledger_jan26/public/uploads/6/1769674145889_image.jpg
[2026-01-29T08:09:05.914Z] Upload successful
[2026-01-29T08:10:12.434Z] POST /api/companies/[id]/documents hit
[2026-01-29T08:10:12.434Z] ID received: 19
[2026-01-29T08:10:12.442Z] Files count: 1
[2026-01-29T08:10:12.455Z] Upload Dir: /var/www/ecs_ledger_jan26/public/uploads/19
[2026-01-29T08:10:12.481Z] Directory ensuring complete
[2026-01-29T08:10:12.496Z] Processing file: image.jpg
[2026-01-29T08:10:12.544Z] File written: /var/www/ecs_ledger_jan26/public/uploads/19/1769674212523_image.jpg
[2026-01-29T08:10:12.553Z] Upload successful
[2026-01-29T08:31:10.170Z] POST /api/companies/[id]/documents hit
[2026-01-29T08:31:10.234Z] ID received: 6
[2026-01-29T08:31:10.349Z] Files count: 1
[2026-01-29T08:31:10.363Z] Upload Dir: /var/www/ecs_ledger_jan26/public/uploads/6
[2026-01-29T08:31:10.371Z] Directory ensuring complete
[2026-01-29T08:31:10.371Z] Processing file: image.jpg
[2026-01-29T08:31:10.378Z] File written: /var/www/ecs_ledger_jan26/public/uploads/6/1769675470372_image.jpg
[2026-01-29T08:31:10.386Z] Upload successful
[2026-01-29T08:51:23.008Z] POST /api/companies/[id]/documents hit
[2026-01-29T08:51:23.014Z] ID received: 6
[2026-01-29T08:51:23.021Z] Files count: 1
[2026-01-29T08:51:23.022Z] Upload Dir: /var/www/ecs_ledger_jan26/public/uploads/6
[2026-01-29T08:51:23.022Z] Directory ensuring complete
[2026-01-29T08:51:23.022Z] Processing file: IMG_7233.png
[2026-01-29T08:51:23.024Z] File written: /var/www/ecs_ledger_jan26/public/uploads/6/1769676683023_img_7233.png
[2026-01-29T08:51:23.030Z] Upload successful
[2026-01-29T08:51:36.089Z] POST /api/companies/[id]/documents hit
[2026-01-29T08:51:36.090Z] ID received: 6
[2026-01-29T08:51:36.092Z] Files count: 1
[2026-01-29T08:51:36.092Z] Upload Dir: /var/www/ecs_ledger_jan26/public/uploads/6
[2026-01-29T08:51:36.092Z] Directory ensuring complete
[2026-01-29T08:51:36.093Z] Processing file: IMG_7222.jpeg
[2026-01-29T08:51:36.100Z] File written: /var/www/ecs_ledger_jan26/public/uploads/6/1769676696094_img_7222.jpeg
[2026-01-29T08:51:36.167Z] Upload successful
[2026-01-29T08:56:51.428Z] POST /api/companies/[id]/documents hit
[2026-01-29T08:56:51.429Z] ID received: 6
[2026-01-29T08:56:51.443Z] Files count: 1
[2026-01-29T08:56:51.458Z] Upload Dir: /var/www/ecs_ledger_jan26/public/uploads/6
[2026-01-29T08:56:51.482Z] Directory ensuring complete
[2026-01-29T08:56:51.497Z] Processing file: IMG_7232.png
[2026-01-29T08:56:51.536Z] File written: /var/www/ecs_ledger_jan26/public/uploads/6/1769677011520_img_7232.png
[2026-01-29T08:56:51.544Z] Upload successful
[2026-01-29T08:57:52.702Z] POST /api/companies/[id]/documents hit
[2026-01-29T08:57:52.711Z] ID received: 6
[2026-01-29T08:57:53.297Z] Files count: 3
[2026-01-29T08:57:53.323Z] Upload Dir: /var/www/ecs_ledger_jan26/public/uploads/6
[2026-01-29T08:57:53.328Z] Directory ensuring complete
[2026-01-29T08:57:53.328Z] Processing file: IMG_7222.jpeg
[2026-01-29T08:57:53.332Z] File written: /var/www/ecs_ledger_jan26/public/uploads/6/1769677073329_img_7222.jpeg
[2026-01-29T08:57:53.338Z] Processing file: IMG_7219.jpeg
[2026-01-29T08:57:53.377Z] File written: /var/www/ecs_ledger_jan26/public/uploads/6/1769677073339_img_7219.jpeg
[2026-01-29T08:57:53.384Z] Processing file: IMG_7220.jpeg
[2026-01-29T08:57:53.452Z] File written: /var/www/ecs_ledger_jan26/public/uploads/6/1769677073385_img_7220.jpeg
[2026-01-29T08:57:53.459Z] Upload successful
[2026-01-29T11:09:42.650Z] POST /api/companies/[id]/documents hit
[2026-01-29T11:09:42.653Z] ID received: 7
[2026-01-29T11:09:42.910Z] Files count: 1
[2026-01-29T11:09:42.925Z] Upload Dir: /var/www/ecs_ledger_jan26/public/uploads/7
[2026-01-29T11:09:42.935Z] Directory ensuring complete
[2026-01-29T11:09:42.935Z] Processing file: image.jpg
[2026-01-29T11:09:42.949Z] File written: /var/www/ecs_ledger_jan26/public/uploads/7/1769684982941_image.jpg
[2026-01-29T11:09:42.966Z] Upload successful
[2026-01-29T14:58:11.376Z] POST /api/companies/[id]/documents hit
[2026-01-29T14:58:11.378Z] ID received: 6
[2026-01-29T14:58:11.382Z] Files count: 1
[2026-01-29T14:58:11.383Z] Upload Dir: /var/www/ecs_ledger_jan26/public/uploads/6
[2026-01-29T14:58:11.383Z] Directory ensuring complete
[2026-01-29T14:58:11.383Z] Processing file: IMG_7219.jpeg
[2026-01-29T14:58:11.395Z] File written: /var/www/ecs_ledger_jan26/public/uploads/6/1769698691384_img_7219.jpeg
[2026-01-29T14:58:11.404Z] Upload successful
[2026-01-29T14:58:25.437Z] POST /api/companies/[id]/documents hit
[2026-01-29T14:58:25.439Z] ID received: 6
[2026-01-29T14:58:25.441Z] Files count: 1
[2026-01-29T14:58:25.441Z] Upload Dir: /var/www/ecs_ledger_jan26/public/uploads/6
[2026-01-29T14:58:25.443Z] Directory ensuring complete
[2026-01-29T14:58:25.443Z] Processing file: IMG_7236.png
[2026-01-29T14:58:25.445Z] File written: /var/www/ecs_ledger_jan26/public/uploads/6/1769698705444_img_7236.png
[2026-01-29T14:58:25.458Z] Upload successful
[2026-01-29T15:24:34.349Z] POST /api/companies/[id]/documents hit
[2026-01-29T15:24:34.354Z] ID received: 6
[2026-01-29T15:24:34.356Z] Files count: 1
[2026-01-29T15:24:34.356Z] Upload Dir: /var/www/ecs_ledger_jan26/public/uploads/6
[2026-01-29T15:24:34.357Z] Directory ensuring complete
[2026-01-29T15:24:34.357Z] Processing file: index.css
[2026-01-29T15:24:34.358Z] File written: /var/www/ecs_ledger_jan26/public/uploads/6/1769700274357_index.css
[2026-01-29T15:24:34.368Z] Upload successful
[2026-01-29T15:25:33.341Z] POST /api/companies/[id]/documents hit
[2026-01-29T15:25:33.342Z] ID received: 6
[2026-01-29T15:25:33.345Z] Files count: 1
[2026-01-29T15:25:33.346Z] Upload Dir: /var/www/ecs_ledger_jan26/public/uploads/6
[2026-01-29T15:25:33.346Z] Directory ensuring complete
[2026-01-29T15:25:33.346Z] Processing file: JVB NCs.pdf
[2026-01-29T15:25:33.353Z] File written: /var/www/ecs_ledger_jan26/public/uploads/6/1769700333350_jvb_ncs.pdf
[2026-01-29T15:25:33.363Z] Upload successful
[2026-01-30T08:42:13.434Z] POST /api/companies/[id]/documents hit
[2026-01-30T08:42:13.440Z] ID received: 47
[2026-01-30T08:42:13.455Z] Files count: 1
[2026-01-30T08:42:13.456Z] Upload Dir: /var/www/ecs_ledger_jan26/public/uploads/47
[2026-01-30T08:42:13.458Z] Directory ensuring complete
[2026-01-30T08:42:13.459Z] Processing file: BREEZA...jpg
[2026-01-30T08:42:13.468Z] File written: /var/www/ecs_ledger_jan26/public/uploads/47/1769762533466_breeza...jpg
[2026-01-30T08:42:13.485Z] Upload successful
[2026-01-31T06:19:46.854Z] POST /api/companies/[id]/documents hit
[2026-01-31T06:19:46.862Z] ID received: 26
[2026-01-31T06:19:46.872Z] Files count: 1
[2026-01-31T06:19:46.872Z] Upload Dir: /var/www/ecs_ledger_jan26/public/uploads/26
[2026-01-31T06:19:46.875Z] Directory ensuring complete
[2026-01-31T06:19:46.877Z] Processing file: 1769840325929277695095402565240.jpg
[2026-01-31T06:19:46.885Z] File written: /var/www/ecs_ledger_jan26/public/uploads/26/1769840386884_1769840325929277695095402565240.jpg
[2026-01-31T06:19:46.895Z] Upload successful
[2026-01-31T09:01:21.048Z] POST /api/companies/[id]/documents hit
[2026-01-31T09:01:21.052Z] ID received: 37
[2026-01-31T09:01:21.112Z] Files count: 1
[2026-01-31T09:01:21.128Z] Upload Dir: /var/www/ecs_ledger_jan26/public/uploads/37
[2026-01-31T09:01:21.163Z] Directory ensuring complete
[2026-01-31T09:01:21.170Z] Processing file: image.jpg
[2026-01-31T09:01:21.174Z] File written: /var/www/ecs_ledger_jan26/public/uploads/37/1769850081172_image.jpg
[2026-01-31T09:01:21.182Z] Upload successful
[2026-01-31T09:01:57.510Z] POST /api/companies/[id]/documents hit
[2026-01-31T09:01:57.511Z] ID received: 37
[2026-01-31T09:01:57.513Z] Files count: 1
[2026-01-31T09:01:57.515Z] Upload Dir: /var/www/ecs_ledger_jan26/public/uploads/37
[2026-01-31T09:01:57.516Z] Directory ensuring complete
[2026-01-31T09:01:57.516Z] Processing file: image.jpg
[2026-01-31T09:01:57.519Z] File written: /var/www/ecs_ledger_jan26/public/uploads/37/1769850117518_image.jpg
[2026-01-31T09:01:57.528Z] Upload successful
[2026-01-31T09:02:17.598Z] POST /api/companies/[id]/documents hit
[2026-01-31T09:02:17.599Z] ID received: 37
[2026-01-31T09:02:17.604Z] Files count: 1
[2026-01-31T09:02:17.605Z] Upload Dir: /var/www/ecs_ledger_jan26/public/uploads/37
[2026-01-31T09:02:17.605Z] Directory ensuring complete
[2026-01-31T09:02:17.605Z] Processing file: image.jpg
[2026-01-31T09:02:17.615Z] File written: /var/www/ecs_ledger_jan26/public/uploads/37/1769850137613_image.jpg
[2026-01-31T09:02:17.624Z] Upload successful
[2026-01-31T09:02:35.642Z] POST /api/companies/[id]/documents hit
[2026-01-31T09:02:35.643Z] ID received: 37
[2026-01-31T09:02:35.644Z] Files count: 1
[2026-01-31T09:02:35.645Z] Upload Dir: /var/www/ecs_ledger_jan26/public/uploads/37
[2026-01-31T09:02:35.645Z] Directory ensuring complete
[2026-01-31T09:02:35.645Z] Processing file: image.jpg
[2026-01-31T09:02:35.657Z] File written: /var/www/ecs_ledger_jan26/public/uploads/37/1769850155654_image.jpg
[2026-01-31T09:02:35.666Z] Upload successful
[2026-01-31T09:02:56.155Z] POST /api/companies/[id]/documents hit
[2026-01-31T09:02:56.156Z] ID received: 37
[2026-01-31T09:02:56.157Z] Files count: 1
[2026-01-31T09:02:56.157Z] Upload Dir: /var/www/ecs_ledger_jan26/public/uploads/37
[2026-01-31T09:02:56.157Z] Directory ensuring complete
[2026-01-31T09:02:56.157Z] Processing file: image.jpg
[2026-01-31T09:02:56.167Z] File written: /var/www/ecs_ledger_jan26/public/uploads/37/1769850176164_image.jpg
[2026-01-31T09:02:56.174Z] Upload successful
[2026-01-31T09:03:11.288Z] POST /api/companies/[id]/documents hit
[2026-01-31T09:03:11.288Z] ID received: 37
[2026-01-31T09:03:11.295Z] Files count: 1
[2026-01-31T09:03:11.295Z] Upload Dir: /var/www/ecs_ledger_jan26/public/uploads/37
[2026-01-31T09:03:11.295Z] Directory ensuring complete
[2026-01-31T09:03:11.296Z] Processing file: image.jpg
[2026-01-31T09:03:11.327Z] File written: /var/www/ecs_ledger_jan26/public/uploads/37/1769850191313_image.jpg
[2026-01-31T09:03:11.339Z] Upload successful
[2026-01-31T09:23:46.083Z] POST /api/companies/[id]/documents hit
[2026-01-31T09:23:46.085Z] ID received: 37
[2026-01-31T09:23:46.086Z] Files count: 1
[2026-01-31T09:23:46.086Z] Upload Dir: /var/www/ecs_ledger_jan26/public/uploads/37
[2026-01-31T09:23:46.086Z] Directory ensuring complete
[2026-01-31T09:23:46.087Z] Processing file: image.jpg
[2026-01-31T09:23:46.088Z] File written: /var/www/ecs_ledger_jan26/public/uploads/37/1769851426087_image.jpg
[2026-01-31T09:23:46.094Z] Upload successful
[2026-01-31T09:24:05.655Z] POST /api/companies/[id]/documents hit
[2026-01-31T09:24:05.655Z] ID received: 37
[2026-01-31T09:24:05.656Z] Files count: 1
[2026-01-31T09:24:05.657Z] Upload Dir: /var/www/ecs_ledger_jan26/public/uploads/37
[2026-01-31T09:24:05.657Z] Directory ensuring complete
[2026-01-31T09:24:05.657Z] Processing file: 1 (8) Background Removed.png
[2026-01-31T09:24:05.658Z] File written: /var/www/ecs_ledger_jan26/public/uploads/37/1769851445657_1__8__background_removed.png
[2026-01-31T09:24:05.664Z] Upload successful
[2026-01-31T09:40:24.706Z] POST /api/companies/[id]/documents hit
[2026-01-31T09:40:24.707Z] ID received: 37
[2026-01-31T09:40:24.816Z] Files count: 1
[2026-01-31T09:40:24.816Z] Upload Dir: /var/www/ecs_ledger_jan26/public/uploads/37
[2026-01-31T09:40:24.816Z] Directory ensuring complete
[2026-01-31T09:40:24.817Z] Processing file: 1769589430370_img_7220.heic
[2026-01-31T09:40:24.882Z] File written: /var/www/ecs_ledger_jan26/public/uploads/37/1769852424830_1769589430370_img_7220.heic
[2026-01-31T09:40:24.917Z] Upload successful
[2026-01-31T10:31:26.110Z] POST /api/companies/[id]/documents hit
[2026-01-31T10:31:26.112Z] ID received: 34
[2026-01-31T10:31:26.134Z] Files count: 1
[2026-01-31T10:31:26.135Z] Upload Dir: /var/www/ecs_ledger_jan26/public/uploads/34
[2026-01-31T10:31:26.137Z] Directory ensuring complete
[2026-01-31T10:31:26.137Z] Processing file: image.jpg
[2026-01-31T10:31:26.150Z] File written: /var/www/ecs_ledger_jan26/public/uploads/34/1769855486148_image.jpg
[2026-01-31T10:31:26.175Z] Upload successful
[2026-02-01T09:04:48.058Z] POST /api/packages/[packageId]/documents hit
[2026-02-01T09:31:56.573Z] POST /api/packages/[packageId]/documents hit
[2026-02-01T09:36:27.700Z] POST /api/packages/[packageId]/documents hit
